\BOOKMARK [1][-]{section.1}{Introduction}{}% 1
\BOOKMARK [1][-]{section.2}{Validation Experiment: presentation and qualitative analysis}{}% 2
\BOOKMARK [2][-]{subsection.2.1}{Participants}{section.2}% 3
\BOOKMARK [2][-]{subsection.2.2}{Design}{section.2}% 4
\BOOKMARK [2][-]{subsection.2.3}{Interface}{section.2}% 5
\BOOKMARK [2][-]{subsection.2.4}{Data treatment}{section.2}% 6
\BOOKMARK [2][-]{subsection.2.5}{Overall performance}{section.2}% 7
\BOOKMARK [1][-]{section.3}{Validation Experiment: Classifying decision processes with LDA}{}% 8
\BOOKMARK [2][-]{subsection.3.1}{Description of LDA classifier}{section.3}% 9
\BOOKMARK [2][-]{subsection.3.2}{Performance of the LDA classifier}{section.3}% 10
\BOOKMARK [2][-]{subsection.3.3}{Meaningful features and optimal predictors}{section.3}% 11
\BOOKMARK [1][-]{section.4}{Validation Experiment: LDA versus traditional mouse tracking analyses}{}% 12
\BOOKMARK [1][-]{section.5}{Extension to linguistic data}{}% 13
\BOOKMARK [2][-]{subsection.5.1}{Experiment}{section.5}% 14
\BOOKMARK [3][-]{subsubsection.5.1.1}{Participants}{subsection.5.1}% 15
\BOOKMARK [3][-]{subsubsection.5.1.2}{Design}{subsection.5.1}% 16
\BOOKMARK [3][-]{subsubsection.5.1.3}{Interface and data treatment}{subsection.5.1}% 17
\BOOKMARK [2][-]{subsection.5.2}{Results and discussion}{section.5}% 18
\BOOKMARK [3][-]{subsubsection.5.2.1}{Replicating Dale and Duran \(2011\)}{subsection.5.2}% 19
\BOOKMARK [3][-]{subsubsection.5.2.2}{Classifier performance}{subsection.5.2}% 20
\BOOKMARK [2][-]{subsection.5.3}{Other mouse tracking measures}{section.5}% 21
\BOOKMARK [3][-]{subsubsection.5.3.1}{Baseline}{subsection.5.3}% 22
\BOOKMARK [1][-]{section.6}{Conclusion}{}% 23
